
*** Running vivado
    with args -log vga_test.vds -m64 -product Vivado -mode batch -messageDb vivado.pb -notrace -source vga_test.tcl


****** Vivado v2024.1 (64-bit)
  **** SW Build 5076996 on Wed May 22 18:36:09 MDT 2024
  **** IP Build 5075265 on Wed May 22 21:45:21 MDT 2024
  **** SharedData Build 5076995 on Wed May 22 18:29:18 MDT 2024
  **** Start of session at: Thu Dec  5 11:26:03 2024
    ** Copyright 1986-2022 Xilinx, Inc. All Rights Reserved.
    ** Copyright 2022-2024 Advanced Micro Devices, Inc. All Rights Reserved.

source vga_test.tcl -notrace
create_project: Time (s): cpu = 00:00:12 ; elapsed = 00:00:12 . Memory (MB): peak = 1364.152 ; gain = 14.898 ; free physical = 1822 ; free virtual = 14391
Command: read_checkpoint -auto_incremental -incremental /home/pedroferreira/Documents/3_ano_1_Semestre_EEC/Eletronica_Programavel/Project/Chess-EP/Chess-EP.srcs/utils_1/imports/synth_1/vga_test.dcp
INFO: [Vivado 12-5825] Read reference checkpoint from /home/pedroferreira/Documents/3_ano_1_Semestre_EEC/Eletronica_Programavel/Project/Chess-EP/Chess-EP.srcs/utils_1/imports/synth_1/vga_test.dcp for incremental synthesis
INFO: [Vivado 12-7989] Please ensure there are no constraint changes
Command: synth_design -top vga_test -part xc7a35tcpg236-1
Starting synth_design
Attempting to get a license for feature 'Synthesis' and/or device 'xc7a35t'
INFO: [Common 17-349] Got license for feature 'Synthesis' and/or device 'xc7a35t'
INFO: [Device 21-403] Loading part xc7a35tcpg236-1
INFO: [Device 21-9227] Part: xc7a35tcpg236-1 does not have CEAM library.
INFO: [Designutils 20-5440] No compile time benefit to using incremental synthesis; A full resynthesis will be run
INFO: [Designutils 20-4379] Flow is switching to default flow due to incremental criteria not met. If you would like to alter this behaviour and have the flow terminate instead, please set the following parameter config_implementation {autoIncr.Synth.RejectBehavior Terminate}
INFO: [Synth 8-7079] Multithreading enabled for synth_design using a maximum of 4 processes.
INFO: [Synth 8-7078] Launching helper process for spawning children vivado processes
INFO: [Synth 8-7075] Helper process launched with PID 205546
---------------------------------------------------------------------------------
Starting RTL Elaboration : Time (s): cpu = 00:00:07 ; elapsed = 00:00:07 . Memory (MB): peak = 2127.719 ; gain = 411.746 ; free physical = 664 ; free virtual = 13239
---------------------------------------------------------------------------------
INFO: [Synth 8-638] synthesizing module 'vga_test' [/home/pedroferreira/Documents/3_ano_1_Semestre_EEC/Eletronica_Programavel/Project/Chess-EP/vga_sync_test.vhd:16]
INFO: [Synth 8-3491] module 'clk_wiz_0' declared at '/home/pedroferreira/Documents/3_ano_1_Semestre_EEC/Eletronica_Programavel/Project/Chess-EP/Chess-EP.runs/synth_1/.Xil/Vivado-205166-pop-os/realtime/clk_wiz_0_stub.v:6' bound to instance 'clock_unit' of component 'clk_wiz_0' [/home/pedroferreira/Documents/3_ano_1_Semestre_EEC/Eletronica_Programavel/Project/Chess-EP/vga_sync_test.vhd:33]
INFO: [Synth 8-6157] synthesizing module 'clk_wiz_0' [/home/pedroferreira/Documents/3_ano_1_Semestre_EEC/Eletronica_Programavel/Project/Chess-EP/Chess-EP.runs/synth_1/.Xil/Vivado-205166-pop-os/realtime/clk_wiz_0_stub.v:6]
INFO: [Synth 8-6155] done synthesizing module 'clk_wiz_0' (0#1) [/home/pedroferreira/Documents/3_ano_1_Semestre_EEC/Eletronica_Programavel/Project/Chess-EP/Chess-EP.runs/synth_1/.Xil/Vivado-205166-pop-os/realtime/clk_wiz_0_stub.v:6]
INFO: [Synth 8-638] synthesizing module 'vga_sync' [/home/pedroferreira/Documents/3_ano_1_Semestre_EEC/Eletronica_Programavel/Project/Chess-EP/vga_sync.vhd:14]
INFO: [Synth 8-256] done synthesizing module 'vga_sync' (0#1) [/home/pedroferreira/Documents/3_ano_1_Semestre_EEC/Eletronica_Programavel/Project/Chess-EP/vga_sync.vhd:14]
INFO: [Synth 8-256] done synthesizing module 'vga_test' (0#1) [/home/pedroferreira/Documents/3_ano_1_Semestre_EEC/Eletronica_Programavel/Project/Chess-EP/vga_sync_test.vhd:16]
WARNING: [Synth 8-7129] Port sw[11] in module vga_test is either unconnected or has no load
WARNING: [Synth 8-7129] Port sw[10] in module vga_test is either unconnected or has no load
WARNING: [Synth 8-7129] Port sw[9] in module vga_test is either unconnected or has no load
WARNING: [Synth 8-7129] Port sw[8] in module vga_test is either unconnected or has no load
WARNING: [Synth 8-7129] Port sw[7] in module vga_test is either unconnected or has no load
WARNING: [Synth 8-7129] Port sw[6] in module vga_test is either unconnected or has no load
WARNING: [Synth 8-7129] Port sw[5] in module vga_test is either unconnected or has no load
WARNING: [Synth 8-7129] Port sw[4] in module vga_test is either unconnected or has no load
WARNING: [Synth 8-7129] Port sw[3] in module vga_test is either unconnected or has no load
WARNING: [Synth 8-7129] Port sw[2] in module vga_test is either unconnected or has no load
WARNING: [Synth 8-7129] Port sw[1] in module vga_test is either unconnected or has no load
WARNING: [Synth 8-7129] Port sw[0] in module vga_test is either unconnected or has no load
---------------------------------------------------------------------------------
Finished RTL Elaboration : Time (s): cpu = 00:00:09 ; elapsed = 00:00:10 . Memory (MB): peak = 2205.688 ; gain = 489.715 ; free physical = 538 ; free virtual = 13113
---------------------------------------------------------------------------------
---------------------------------------------------------------------------------
Start Handling Custom Attributes
---------------------------------------------------------------------------------
---------------------------------------------------------------------------------
Finished Handling Custom Attributes : Time (s): cpu = 00:00:09 ; elapsed = 00:00:10 . Memory (MB): peak = 2223.500 ; gain = 507.527 ; free physical = 544 ; free virtual = 13119
---------------------------------------------------------------------------------
---------------------------------------------------------------------------------
Finished RTL Optimization Phase 1 : Time (s): cpu = 00:00:09 ; elapsed = 00:00:10 . Memory (MB): peak = 2223.500 ; gain = 507.527 ; free physical = 544 ; free virtual = 13119
---------------------------------------------------------------------------------
Netlist sorting complete. Time (s): cpu = 00:00:00 ; elapsed = 00:00:00 . Memory (MB): peak = 2223.500 ; gain = 0.000 ; free physical = 544 ; free virtual = 13119
INFO: [Project 1-570] Preparing netlist for logic optimization

Processing XDC Constraints
Initializing timing engine
Parsing XDC File [/home/pedroferreira/Documents/3_ano_1_Semestre_EEC/Eletronica_Programavel/Project/Chess-EP/Chess-EP.gen/sources_1/ip/clk_wiz_0/clk_wiz_0/clk_wiz_0_in_context.xdc] for cell 'clock_unit'
Finished Parsing XDC File [/home/pedroferreira/Documents/3_ano_1_Semestre_EEC/Eletronica_Programavel/Project/Chess-EP/Chess-EP.gen/sources_1/ip/clk_wiz_0/clk_wiz_0/clk_wiz_0_in_context.xdc] for cell 'clock_unit'
Parsing XDC File [/home/pedroferreira/Documents/3_ano_1_Semestre_EEC/Eletronica_Programavel/Project/Chess-EP/basys3_master.xdc]
Finished Parsing XDC File [/home/pedroferreira/Documents/3_ano_1_Semestre_EEC/Eletronica_Programavel/Project/Chess-EP/basys3_master.xdc]
INFO: [Project 1-236] Implementation specific constraints were found while reading constraint file [/home/pedroferreira/Documents/3_ano_1_Semestre_EEC/Eletronica_Programavel/Project/Chess-EP/basys3_master.xdc]. These constraints will be ignored for synthesis but will be used in implementation. Impacted constraints are listed in the file [.Xil/vga_test_propImpl.xdc].
Resolution: To avoid this warning, move constraints listed in [.Xil/vga_test_propImpl.xdc] to another XDC file and exclude this new file from synthesis with the used_in_synthesis property (File Properties dialog in GUI) and re-run elaboration/synthesis.
Completed Processing XDC Constraints

Netlist sorting complete. Time (s): cpu = 00:00:00 ; elapsed = 00:00:00 . Memory (MB): peak = 2361.250 ; gain = 0.000 ; free physical = 540 ; free virtual = 13117
INFO: [Project 1-111] Unisim Transformation Summary:
No Unisim elements were transformed.

Constraint Validation Runtime : Time (s): cpu = 00:00:00 ; elapsed = 00:00:00.01 . Memory (MB): peak = 2361.250 ; gain = 0.000 ; free physical = 540 ; free virtual = 13117
INFO: [Designutils 20-5440] No compile time benefit to using incremental synthesis; A full resynthesis will be run
INFO: [Designutils 20-4379] Flow is switching to default flow due to incremental criteria not met. If you would like to alter this behaviour and have the flow terminate instead, please set the following parameter config_implementation {autoIncr.Synth.RejectBehavior Terminate}
---------------------------------------------------------------------------------
Finished Constraint Validation : Time (s): cpu = 00:00:19 ; elapsed = 00:00:19 . Memory (MB): peak = 2361.250 ; gain = 645.277 ; free physical = 561 ; free virtual = 13138
---------------------------------------------------------------------------------
---------------------------------------------------------------------------------
Start Loading Part and Timing Information
---------------------------------------------------------------------------------
Loading part: xc7a35tcpg236-1
---------------------------------------------------------------------------------
Finished Loading Part and Timing Information : Time (s): cpu = 00:00:19 ; elapsed = 00:00:19 . Memory (MB): peak = 2369.254 ; gain = 653.281 ; free physical = 561 ; free virtual = 13138
---------------------------------------------------------------------------------
---------------------------------------------------------------------------------
Start Applying 'set_property' XDC Constraints
---------------------------------------------------------------------------------
Applied set_property IO_BUFFER_TYPE = NONE for clk. (constraint file  /home/pedroferreira/Documents/3_ano_1_Semestre_EEC/Eletronica_Programavel/Project/Chess-EP/Chess-EP.gen/sources_1/ip/clk_wiz_0/clk_wiz_0/clk_wiz_0_in_context.xdc, line 3).
Applied set_property CLOCK_BUFFER_TYPE = NONE for clk. (constraint file  /home/pedroferreira/Documents/3_ano_1_Semestre_EEC/Eletronica_Programavel/Project/Chess-EP/Chess-EP.gen/sources_1/ip/clk_wiz_0/clk_wiz_0/clk_wiz_0_in_context.xdc, line 4).
Applied set_property KEEP_HIERARCHY = SOFT for clock_unit. (constraint file  auto generated constraint).
---------------------------------------------------------------------------------
Finished applying 'set_property' XDC Constraints : Time (s): cpu = 00:00:19 ; elapsed = 00:00:19 . Memory (MB): peak = 2369.254 ; gain = 653.281 ; free physical = 553 ; free virtual = 13130
---------------------------------------------------------------------------------
---------------------------------------------------------------------------------
Finished RTL Optimization Phase 2 : Time (s): cpu = 00:00:19 ; elapsed = 00:00:20 . Memory (MB): peak = 2369.254 ; gain = 653.281 ; free physical = 547 ; free virtual = 13127
---------------------------------------------------------------------------------
---------------------------------------------------------------------------------
Start RTL Component Statistics 
---------------------------------------------------------------------------------
Detailed RTL Component Info : 
+---Adders : 
	   2 Input   31 Bit       Adders := 1     
	   2 Input   11 Bit       Adders := 1     
	   2 Input   10 Bit       Adders := 2     
	   2 Input    2 Bit       Adders := 2     
+---Registers : 
	               10 Bit    Registers := 2     
	                1 Bit    Registers := 3     
+---Muxes : 
	   2 Input   31 Bit        Muxes := 1     
	   3 Input   12 Bit        Muxes := 1     
	   2 Input   10 Bit        Muxes := 2     
	   2 Input    2 Bit        Muxes := 1     
---------------------------------------------------------------------------------
Finished RTL Component Statistics 
---------------------------------------------------------------------------------
---------------------------------------------------------------------------------
Start Part Resource Summary
---------------------------------------------------------------------------------
Part Resources:
DSPs: 90 (col length:60)
BRAMs: 100 (col length: RAMB18 60 RAMB36 30)
---------------------------------------------------------------------------------
Finished Part Resource Summary
---------------------------------------------------------------------------------
---------------------------------------------------------------------------------
Start Cross Boundary and Area Optimization
---------------------------------------------------------------------------------
WARNING: [Synth 8-7080] Parallel synthesis criteria is not met
WARNING: [Synth 8-7129] Port sw[11] in module vga_test is either unconnected or has no load
WARNING: [Synth 8-7129] Port sw[10] in module vga_test is either unconnected or has no load
WARNING: [Synth 8-7129] Port sw[9] in module vga_test is either unconnected or has no load
WARNING: [Synth 8-7129] Port sw[8] in module vga_test is either unconnected or has no load
WARNING: [Synth 8-7129] Port sw[7] in module vga_test is either unconnected or has no load
WARNING: [Synth 8-7129] Port sw[6] in module vga_test is either unconnected or has no load
WARNING: [Synth 8-7129] Port sw[5] in module vga_test is either unconnected or has no load
WARNING: [Synth 8-7129] Port sw[4] in module vga_test is either unconnected or has no load
WARNING: [Synth 8-7129] Port sw[3] in module vga_test is either unconnected or has no load
WARNING: [Synth 8-7129] Port sw[2] in module vga_test is either unconnected or has no load
WARNING: [Synth 8-7129] Port sw[1] in module vga_test is either unconnected or has no load
WARNING: [Synth 8-7129] Port sw[0] in module vga_test is either unconnected or has no load
---------------------------------------------------------------------------------
Finished Cross Boundary and Area Optimization : Time (s): cpu = 00:00:21 ; elapsed = 00:00:22 . Memory (MB): peak = 2369.254 ; gain = 653.281 ; free physical = 527 ; free virtual = 13113
---------------------------------------------------------------------------------
---------------------------------------------------------------------------------
Start Applying XDC Timing Constraints
---------------------------------------------------------------------------------
---------------------------------------------------------------------------------
Finished Applying XDC Timing Constraints : Time (s): cpu = 00:00:30 ; elapsed = 00:00:31 . Memory (MB): peak = 2369.254 ; gain = 653.281 ; free physical = 551 ; free virtual = 13141
---------------------------------------------------------------------------------
---------------------------------------------------------------------------------
Start Timing Optimization
---------------------------------------------------------------------------------
---------------------------------------------------------------------------------
Finished Timing Optimization : Time (s): cpu = 00:00:31 ; elapsed = 00:00:31 . Memory (MB): peak = 2369.254 ; gain = 653.281 ; free physical = 554 ; free virtual = 13142
---------------------------------------------------------------------------------
---------------------------------------------------------------------------------
Start Technology Mapping
---------------------------------------------------------------------------------
---------------------------------------------------------------------------------
Finished Technology Mapping : Time (s): cpu = 00:00:31 ; elapsed = 00:00:32 . Memory (MB): peak = 2369.254 ; gain = 653.281 ; free physical = 554 ; free virtual = 13142
---------------------------------------------------------------------------------
---------------------------------------------------------------------------------
Start IO Insertion
---------------------------------------------------------------------------------
---------------------------------------------------------------------------------
Start Flattening Before IO Insertion
---------------------------------------------------------------------------------
---------------------------------------------------------------------------------
Finished Flattening Before IO Insertion
---------------------------------------------------------------------------------
---------------------------------------------------------------------------------
Start Final Netlist Cleanup
---------------------------------------------------------------------------------
---------------------------------------------------------------------------------
Finished Final Netlist Cleanup
---------------------------------------------------------------------------------
---------------------------------------------------------------------------------
Finished IO Insertion : Time (s): cpu = 00:00:36 ; elapsed = 00:00:37 . Memory (MB): peak = 2369.254 ; gain = 653.281 ; free physical = 582 ; free virtual = 13171
---------------------------------------------------------------------------------
---------------------------------------------------------------------------------
Start Renaming Generated Instances
---------------------------------------------------------------------------------
---------------------------------------------------------------------------------
Finished Renaming Generated Instances : Time (s): cpu = 00:00:36 ; elapsed = 00:00:37 . Memory (MB): peak = 2369.254 ; gain = 653.281 ; free physical = 582 ; free virtual = 13171
---------------------------------------------------------------------------------
---------------------------------------------------------------------------------
Start Rebuilding User Hierarchy
---------------------------------------------------------------------------------
---------------------------------------------------------------------------------
Finished Rebuilding User Hierarchy : Time (s): cpu = 00:00:36 ; elapsed = 00:00:37 . Memory (MB): peak = 2369.254 ; gain = 653.281 ; free physical = 582 ; free virtual = 13171
---------------------------------------------------------------------------------
---------------------------------------------------------------------------------
Start Renaming Generated Ports
---------------------------------------------------------------------------------
---------------------------------------------------------------------------------
Finished Renaming Generated Ports : Time (s): cpu = 00:00:36 ; elapsed = 00:00:37 . Memory (MB): peak = 2369.254 ; gain = 653.281 ; free physical = 582 ; free virtual = 13171
---------------------------------------------------------------------------------
---------------------------------------------------------------------------------
Start Handling Custom Attributes
---------------------------------------------------------------------------------
---------------------------------------------------------------------------------
Finished Handling Custom Attributes : Time (s): cpu = 00:00:36 ; elapsed = 00:00:37 . Memory (MB): peak = 2369.254 ; gain = 653.281 ; free physical = 582 ; free virtual = 13171
---------------------------------------------------------------------------------
---------------------------------------------------------------------------------
Start Renaming Generated Nets
---------------------------------------------------------------------------------
---------------------------------------------------------------------------------
Finished Renaming Generated Nets : Time (s): cpu = 00:00:36 ; elapsed = 00:00:37 . Memory (MB): peak = 2369.254 ; gain = 653.281 ; free physical = 582 ; free virtual = 13171
---------------------------------------------------------------------------------
---------------------------------------------------------------------------------
Start Writing Synthesis Report
---------------------------------------------------------------------------------

Report BlackBoxes: 
+------+--------------+----------+
|      |BlackBox name |Instances |
+------+--------------+----------+
|1     |clk_wiz_0     |         1|
+------+--------------+----------+

Report Cell Usage: 
+------+--------+------+
|      |Cell    |Count |
+------+--------+------+
|1     |clk_wiz |     1|
|2     |CARRY4  |    29|
|3     |LUT1    |    16|
|4     |LUT2    |    29|
|5     |LUT3    |    25|
|6     |LUT4    |    22|
|7     |LUT5    |    29|
|8     |LUT6    |    45|
|9     |FDCE    |    23|
|10    |IBUF    |     1|
|11    |OBUF    |    14|
+------+--------+------+
---------------------------------------------------------------------------------
Finished Writing Synthesis Report : Time (s): cpu = 00:00:36 ; elapsed = 00:00:37 . Memory (MB): peak = 2369.254 ; gain = 653.281 ; free physical = 582 ; free virtual = 13170
---------------------------------------------------------------------------------
Synthesis finished with 0 errors, 0 critical warnings and 13 warnings.
Synthesis Optimization Runtime : Time (s): cpu = 00:00:34 ; elapsed = 00:00:35 . Memory (MB): peak = 2369.254 ; gain = 515.531 ; free physical = 582 ; free virtual = 13171
Synthesis Optimization Complete : Time (s): cpu = 00:00:37 ; elapsed = 00:00:37 . Memory (MB): peak = 2369.262 ; gain = 653.281 ; free physical = 582 ; free virtual = 13171
INFO: [Project 1-571] Translating synthesized netlist
Netlist sorting complete. Time (s): cpu = 00:00:00 ; elapsed = 00:00:00 . Memory (MB): peak = 2369.262 ; gain = 0.000 ; free physical = 765 ; free virtual = 13354
INFO: [Netlist 29-17] Analyzing 29 Unisim elements for replacement
INFO: [Netlist 29-28] Unisim Transformation completed in 0 CPU seconds
INFO: [Project 1-570] Preparing netlist for logic optimization
INFO: [Opt 31-138] Pushed 0 inverter(s) to 0 load pin(s).
Netlist sorting complete. Time (s): cpu = 00:00:00.01 ; elapsed = 00:00:00 . Memory (MB): peak = 2425.281 ; gain = 0.000 ; free physical = 822 ; free virtual = 13413
INFO: [Project 1-111] Unisim Transformation Summary:
No Unisim elements were transformed.

Synth Design complete | Checksum: a5d478ee
INFO: [Common 17-83] Releasing license: Synthesis
29 Infos, 25 Warnings, 0 Critical Warnings and 0 Errors encountered.
synth_design completed successfully
synth_design: Time (s): cpu = 00:00:48 ; elapsed = 00:00:45 . Memory (MB): peak = 2425.281 ; gain = 1046.285 ; free physical = 822 ; free virtual = 13413
INFO: [Common 17-2834] synth_design peak Physical Memory [PSS] (MB): overall = 1876.781; main = 1562.301; forked = 367.102
INFO: [Common 17-2834] synth_design peak Virtual Memory [VSS] (MB): overall = 3412.820; main = 2425.285; forked = 1043.562
Write ShapeDB Complete: Time (s): cpu = 00:00:00 ; elapsed = 00:00:00 . Memory (MB): peak = 2449.293 ; gain = 0.000 ; free physical = 821 ; free virtual = 13413
INFO: [Common 17-1381] The checkpoint '/home/pedroferreira/Documents/3_ano_1_Semestre_EEC/Eletronica_Programavel/Project/Chess-EP/Chess-EP.runs/synth_1/vga_test.dcp' has been generated.
INFO: [Vivado 12-24828] Executing command : report_utilization -file vga_test_utilization_synth.rpt -pb vga_test_utilization_synth.pb
INFO: [Common 17-206] Exiting Vivado at Thu Dec  5 11:27:05 2024...
