
*** Running vivado
    with args -log vga_test.vdi -applog -m64 -product Vivado -messageDb vivado.pb -mode batch -source vga_test.tcl -notrace


****** Vivado v2024.1 (64-bit)
  **** SW Build 5076996 on Wed May 22 18:36:09 MDT 2024
  **** IP Build 5075265 on Wed May 22 21:45:21 MDT 2024
  **** SharedData Build 5076995 on Wed May 22 18:29:18 MDT 2024
  **** Start of session at: Thu Dec  5 11:27:18 2024
    ** Copyright 1986-2022 Xilinx, Inc. All Rights Reserved.
    ** Copyright 2022-2024 Advanced Micro Devices, Inc. All Rights Reserved.

source vga_test.tcl -notrace
create_project: Time (s): cpu = 00:00:11 ; elapsed = 00:00:11 . Memory (MB): peak = 1367.062 ; gain = 8.930 ; free physical = 1645 ; free virtual = 14241
Command: link_design -top vga_test -part xc7a35tcpg236-1
Design is defaulting to srcset: sources_1
Design is defaulting to constrset: constrs_1
INFO: [Device 21-403] Loading part xc7a35tcpg236-1
INFO: [Device 21-9227] Part: xc7a35tcpg236-1 does not have CEAM library.
INFO: [Project 1-454] Reading design checkpoint '/home/pedroferreira/Documents/3_ano_1_Semestre_EEC/Eletronica_Programavel/Project/Chess-EP/Chess-EP.gen/sources_1/ip/clk_wiz_0/clk_wiz_0.dcp' for cell 'clock_unit'
Netlist sorting complete. Time (s): cpu = 00:00:00 ; elapsed = 00:00:00 . Memory (MB): peak = 1729.758 ; gain = 0.000 ; free physical = 1360 ; free virtual = 13957
INFO: [Netlist 29-17] Analyzing 30 Unisim elements for replacement
INFO: [Netlist 29-28] Unisim Transformation completed in 0 CPU seconds
INFO: [Project 1-479] Netlist was created with Vivado 2024.1
INFO: [Project 1-570] Preparing netlist for logic optimization
Parsing XDC File [/home/pedroferreira/Documents/3_ano_1_Semestre_EEC/Eletronica_Programavel/Project/Chess-EP/Chess-EP.gen/sources_1/ip/clk_wiz_0/clk_wiz_0_board.xdc] for cell 'clock_unit/inst'
Finished Parsing XDC File [/home/pedroferreira/Documents/3_ano_1_Semestre_EEC/Eletronica_Programavel/Project/Chess-EP/Chess-EP.gen/sources_1/ip/clk_wiz_0/clk_wiz_0_board.xdc] for cell 'clock_unit/inst'
Parsing XDC File [/home/pedroferreira/Documents/3_ano_1_Semestre_EEC/Eletronica_Programavel/Project/Chess-EP/Chess-EP.gen/sources_1/ip/clk_wiz_0/clk_wiz_0.xdc] for cell 'clock_unit/inst'
INFO: [Timing 38-35] Done setting XDC timing constraints. [/home/pedroferreira/Documents/3_ano_1_Semestre_EEC/Eletronica_Programavel/Project/Chess-EP/Chess-EP.gen/sources_1/ip/clk_wiz_0/clk_wiz_0.xdc:54]
INFO: [Timing 38-2] Deriving generated clocks [/home/pedroferreira/Documents/3_ano_1_Semestre_EEC/Eletronica_Programavel/Project/Chess-EP/Chess-EP.gen/sources_1/ip/clk_wiz_0/clk_wiz_0.xdc:54]
get_clocks: Time (s): cpu = 00:00:09 ; elapsed = 00:00:10 . Memory (MB): peak = 2464.145 ; gain = 589.734 ; free physical = 831 ; free virtual = 13437
Finished Parsing XDC File [/home/pedroferreira/Documents/3_ano_1_Semestre_EEC/Eletronica_Programavel/Project/Chess-EP/Chess-EP.gen/sources_1/ip/clk_wiz_0/clk_wiz_0.xdc] for cell 'clock_unit/inst'
Parsing XDC File [/home/pedroferreira/Documents/3_ano_1_Semestre_EEC/Eletronica_Programavel/Project/Chess-EP/basys3_master.xdc]
Finished Parsing XDC File [/home/pedroferreira/Documents/3_ano_1_Semestre_EEC/Eletronica_Programavel/Project/Chess-EP/basys3_master.xdc]
INFO: [Opt 31-138] Pushed 0 inverter(s) to 0 load pin(s).
Netlist sorting complete. Time (s): cpu = 00:00:00 ; elapsed = 00:00:00 . Memory (MB): peak = 2464.145 ; gain = 0.000 ; free physical = 812 ; free virtual = 13417
INFO: [Project 1-111] Unisim Transformation Summary:
No Unisim elements were transformed.

11 Infos, 0 Warnings, 0 Critical Warnings and 0 Errors encountered.
link_design completed successfully
link_design: Time (s): cpu = 00:00:16 ; elapsed = 00:00:17 . Memory (MB): peak = 2464.145 ; gain = 1082.238 ; free physical = 812 ; free virtual = 13417
Command: opt_design
Attempting to get a license for feature 'Implementation' and/or device 'xc7a35t'
INFO: [Common 17-349] Got license for feature 'Implementation' and/or device 'xc7a35t'
Running DRC as a precondition to command opt_design

Starting DRC Task
INFO: [DRC 23-27] Running DRC with 8 threads
INFO: [Project 1-461] DRC finished with 0 Errors
INFO: [Project 1-462] Please refer to the DRC report (report_drc) for more information.

Time (s): cpu = 00:00:02 ; elapsed = 00:00:01 . Memory (MB): peak = 2528.176 ; gain = 64.031 ; free physical = 770 ; free virtual = 13377

Starting Cache Timing Information Task
INFO: [Timing 38-35] Done setting XDC timing constraints.
Ending Cache Timing Information Task | Checksum: 1cb6626bc

Time (s): cpu = 00:00:00.04 ; elapsed = 00:00:00.02 . Memory (MB): peak = 2528.176 ; gain = 0.000 ; free physical = 770 ; free virtual = 13377

Starting Logic Optimization Task

Phase 1 Initialization

Phase 1.1 Core Generation And Design Setup
Phase 1.1 Core Generation And Design Setup | Checksum: 1cb6626bc

Time (s): cpu = 00:00:00 ; elapsed = 00:00:00 . Memory (MB): peak = 2816.816 ; gain = 0.000 ; free physical = 501 ; free virtual = 13108

Phase 1.2 Setup Constraints And Sort Netlist
Phase 1.2 Setup Constraints And Sort Netlist | Checksum: 1cb6626bc

Time (s): cpu = 00:00:00.01 ; elapsed = 00:00:00 . Memory (MB): peak = 2816.816 ; gain = 0.000 ; free physical = 501 ; free virtual = 13108
Phase 1 Initialization | Checksum: 1cb6626bc

Time (s): cpu = 00:00:00.01 ; elapsed = 00:00:00 . Memory (MB): peak = 2816.816 ; gain = 0.000 ; free physical = 501 ; free virtual = 13108

Phase 2 Timer Update And Timing Data Collection

Phase 2.1 Timer Update
Phase 2.1 Timer Update | Checksum: 1cb6626bc

Time (s): cpu = 00:00:00.03 ; elapsed = 00:00:00.02 . Memory (MB): peak = 2816.816 ; gain = 0.000 ; free physical = 501 ; free virtual = 13108

Phase 2.2 Timing Data Collection
Phase 2.2 Timing Data Collection | Checksum: 1cb6626bc

Time (s): cpu = 00:00:00.03 ; elapsed = 00:00:00.02 . Memory (MB): peak = 2816.816 ; gain = 0.000 ; free physical = 502 ; free virtual = 13108
Phase 2 Timer Update And Timing Data Collection | Checksum: 1cb6626bc

Time (s): cpu = 00:00:00.03 ; elapsed = 00:00:00.02 . Memory (MB): peak = 2816.816 ; gain = 0.000 ; free physical = 503 ; free virtual = 13109

Phase 3 Retarget
INFO: [Opt 31-1834] Total Chains To Be Transformed Were: 0 AND Number of Transformed insts Created are: 0
INFO: [Opt 31-1566] Pulled 1 inverters resulting in an inversion of 15 pins
INFO: [Opt 31-138] Pushed 0 inverter(s) to 0 load pin(s).
INFO: [Opt 31-49] Retargeted 0 cell(s).
Phase 3 Retarget | Checksum: 19b2bd5d2

Time (s): cpu = 00:00:00.07 ; elapsed = 00:00:00.06 . Memory (MB): peak = 2816.816 ; gain = 0.000 ; free physical = 511 ; free virtual = 13118
Retarget | Checksum: 19b2bd5d2
INFO: [Opt 31-389] Phase Retarget created 0 cells and removed 2 cells
INFO: [Opt 31-1021] In phase Retarget, 1 netlist objects are constrained preventing optimization. Please run opt_design with -debug_log to get more detail. 

Phase 4 Constant propagation
INFO: [Opt 31-138] Pushed 0 inverter(s) to 0 load pin(s).
Phase 4 Constant propagation | Checksum: 1eac562a8

Time (s): cpu = 00:00:00.08 ; elapsed = 00:00:00.07 . Memory (MB): peak = 2816.816 ; gain = 0.000 ; free physical = 515 ; free virtual = 13121
Constant propagation | Checksum: 1eac562a8
INFO: [Opt 31-389] Phase Constant propagation created 0 cells and removed 0 cells

Phase 5 Sweep
Phase 5 Sweep | Checksum: 181264df4

Time (s): cpu = 00:00:00.09 ; elapsed = 00:00:00.08 . Memory (MB): peak = 2816.816 ; gain = 0.000 ; free physical = 523 ; free virtual = 13129
Sweep | Checksum: 181264df4
INFO: [Opt 31-389] Phase Sweep created 0 cells and removed 0 cells

Phase 6 BUFG optimization
Phase 6 BUFG optimization | Checksum: 181264df4

Time (s): cpu = 00:00:00.1 ; elapsed = 00:00:00.09 . Memory (MB): peak = 2816.816 ; gain = 0.000 ; free physical = 523 ; free virtual = 13128
BUFG optimization | Checksum: 181264df4
INFO: [Opt 31-662] Phase BUFG optimization created 0 cells of which 0 are BUFGs and removed 0 cells.

Phase 7 Shift Register Optimization
INFO: [Opt 31-1064] SRL Remap converted 0 SRLs to 0 registers and converted 0 registers of register chains to 0 SRLs
Phase 7 Shift Register Optimization | Checksum: 181264df4

Time (s): cpu = 00:00:00.1 ; elapsed = 00:00:00.09 . Memory (MB): peak = 2816.816 ; gain = 0.000 ; free physical = 523 ; free virtual = 13128
Shift Register Optimization | Checksum: 181264df4
INFO: [Opt 31-389] Phase Shift Register Optimization created 0 cells and removed 0 cells

Phase 8 Post Processing Netlist
Phase 8 Post Processing Netlist | Checksum: 181264df4

Time (s): cpu = 00:00:00.11 ; elapsed = 00:00:00.1 . Memory (MB): peak = 2816.816 ; gain = 0.000 ; free physical = 523 ; free virtual = 13128
Post Processing Netlist | Checksum: 181264df4
INFO: [Opt 31-389] Phase Post Processing Netlist created 0 cells and removed 0 cells

Phase 9 Finalization

Phase 9.1 Finalizing Design Cores and Updating Shapes
Phase 9.1 Finalizing Design Cores and Updating Shapes | Checksum: 189c0ea5a

Time (s): cpu = 00:00:00.14 ; elapsed = 00:00:00.12 . Memory (MB): peak = 2816.816 ; gain = 0.000 ; free physical = 524 ; free virtual = 13128

Phase 9.2 Verifying Netlist Connectivity

Starting Connectivity Check Task

Time (s): cpu = 00:00:00.01 ; elapsed = 00:00:00.01 . Memory (MB): peak = 2816.816 ; gain = 0.000 ; free physical = 524 ; free virtual = 13128
Phase 9.2 Verifying Netlist Connectivity | Checksum: 189c0ea5a

Time (s): cpu = 00:00:00.15 ; elapsed = 00:00:00.13 . Memory (MB): peak = 2816.816 ; gain = 0.000 ; free physical = 524 ; free virtual = 13128
Phase 9 Finalization | Checksum: 189c0ea5a

Time (s): cpu = 00:00:00.15 ; elapsed = 00:00:00.13 . Memory (MB): peak = 2816.816 ; gain = 0.000 ; free physical = 524 ; free virtual = 13128
Opt_design Change Summary
=========================


-------------------------------------------------------------------------------------------------------------------------
|  Phase                        |  #Cells created  |  #Cells Removed  |  #Constrained objects preventing optimizations  |
-------------------------------------------------------------------------------------------------------------------------
|  Retarget                     |               0  |               2  |                                              1  |
|  Constant propagation         |               0  |               0  |                                              0  |
|  Sweep                        |               0  |               0  |                                              0  |
|  BUFG optimization            |               0  |               0  |                                              0  |
|  Shift Register Optimization  |               0  |               0  |                                              0  |
|  Post Processing Netlist      |               0  |               0  |                                              0  |
-------------------------------------------------------------------------------------------------------------------------


Ending Logic Optimization Task | Checksum: 189c0ea5a

Time (s): cpu = 00:00:00.15 ; elapsed = 00:00:00.13 . Memory (MB): peak = 2816.816 ; gain = 0.000 ; free physical = 523 ; free virtual = 13127

Starting Power Optimization Task
INFO: [Pwropt 34-132] Skipping clock gating for clocks with a period < 2.00 ns.
Ending Power Optimization Task | Checksum: 189c0ea5a

Time (s): cpu = 00:00:00.01 ; elapsed = 00:00:00.01 . Memory (MB): peak = 2816.816 ; gain = 0.000 ; free physical = 523 ; free virtual = 13127

Starting Final Cleanup Task
Ending Final Cleanup Task | Checksum: 189c0ea5a

Time (s): cpu = 00:00:00 ; elapsed = 00:00:00 . Memory (MB): peak = 2816.816 ; gain = 0.000 ; free physical = 523 ; free virtual = 13127

Starting Netlist Obfuscation Task
Netlist sorting complete. Time (s): cpu = 00:00:00 ; elapsed = 00:00:00 . Memory (MB): peak = 2816.816 ; gain = 0.000 ; free physical = 523 ; free virtual = 13127
Ending Netlist Obfuscation Task | Checksum: 189c0ea5a

Time (s): cpu = 00:00:00.01 ; elapsed = 00:00:00 . Memory (MB): peak = 2816.816 ; gain = 0.000 ; free physical = 523 ; free virtual = 13127
INFO: [Common 17-83] Releasing license: Implementation
31 Infos, 0 Warnings, 0 Critical Warnings and 0 Errors encountered.
opt_design completed successfully
opt_design: Time (s): cpu = 00:00:06 ; elapsed = 00:00:05 . Memory (MB): peak = 2816.816 ; gain = 352.672 ; free physical = 523 ; free virtual = 13127
INFO: [Vivado 12-24828] Executing command : report_drc -file vga_test_drc_opted.rpt -pb vga_test_drc_opted.pb -rpx vga_test_drc_opted.rpx
Command: report_drc -file vga_test_drc_opted.rpt -pb vga_test_drc_opted.pb -rpx vga_test_drc_opted.rpx
INFO: [IP_Flow 19-1839] IP Catalog is up to date.
INFO: [DRC 23-27] Running DRC with 8 threads
INFO: [Vivado_Tcl 2-168] The results of DRC are in file /home/pedroferreira/Documents/3_ano_1_Semestre_EEC/Eletronica_Programavel/Project/Chess-EP/Chess-EP.runs/impl_1/vga_test_drc_opted.rpt.
report_drc completed successfully
INFO: [Timing 38-480] Writing timing data to binary archive.
Write ShapeDB Complete: Time (s): cpu = 00:00:00.01 ; elapsed = 00:00:00 . Memory (MB): peak = 2896.855 ; gain = 0.000 ; free physical = 517 ; free virtual = 13122
Wrote PlaceDB: Time (s): cpu = 00:00:00.01 ; elapsed = 00:00:00 . Memory (MB): peak = 2896.855 ; gain = 0.000 ; free physical = 517 ; free virtual = 13122
Wrote PulsedLatchDB: Time (s): cpu = 00:00:00 ; elapsed = 00:00:00.01 . Memory (MB): peak = 2896.855 ; gain = 0.000 ; free physical = 517 ; free virtual = 13122
Writing XDEF routing.
Writing XDEF routing logical nets.
Writing XDEF routing special nets.
Wrote RouteStorage: Time (s): cpu = 00:00:00.07 ; elapsed = 00:00:00.02 . Memory (MB): peak = 2896.855 ; gain = 0.000 ; free physical = 516 ; free virtual = 13120
Wrote Netlist Cache: Time (s): cpu = 00:00:00 ; elapsed = 00:00:00 . Memory (MB): peak = 2896.855 ; gain = 0.000 ; free physical = 516 ; free virtual = 13120
Wrote Device Cache: Time (s): cpu = 00:00:00.02 ; elapsed = 00:00:00.01 . Memory (MB): peak = 2896.855 ; gain = 0.000 ; free physical = 516 ; free virtual = 13121
Write Physdb Complete: Time (s): cpu = 00:00:00.1 ; elapsed = 00:00:00.04 . Memory (MB): peak = 2896.855 ; gain = 0.000 ; free physical = 516 ; free virtual = 13121
INFO: [Common 17-1381] The checkpoint '/home/pedroferreira/Documents/3_ano_1_Semestre_EEC/Eletronica_Programavel/Project/Chess-EP/Chess-EP.runs/impl_1/vga_test_opt.dcp' has been generated.
Command: place_design
Attempting to get a license for feature 'Implementation' and/or device 'xc7a35t'
INFO: [Common 17-349] Got license for feature 'Implementation' and/or device 'xc7a35t'
INFO: [Common 17-83] Releasing license: Implementation
INFO: [DRC 23-27] Running DRC with 8 threads
INFO: [Vivado_Tcl 4-198] DRC finished with 0 Errors
INFO: [Vivado_Tcl 4-199] Please refer to the DRC report (report_drc) for more information.
Running DRC as a precondition to command place_design
INFO: [DRC 23-27] Running DRC with 8 threads
INFO: [Vivado_Tcl 4-198] DRC finished with 0 Errors
INFO: [Vivado_Tcl 4-199] Please refer to the DRC report (report_drc) for more information.
INFO: [Place 30-611] Multithreading enabled for place_design using a maximum of 8 CPUs

Starting Placer Task

Phase 1 Placer Initialization

Phase 1.1 Placer Initialization Netlist Sorting
Netlist sorting complete. Time (s): cpu = 00:00:00 ; elapsed = 00:00:00 . Memory (MB): peak = 2896.855 ; gain = 0.000 ; free physical = 544 ; free virtual = 13149
Phase 1.1 Placer Initialization Netlist Sorting | Checksum: 11a276105

Time (s): cpu = 00:00:00 ; elapsed = 00:00:00.01 . Memory (MB): peak = 2896.855 ; gain = 0.000 ; free physical = 544 ; free virtual = 13149
Netlist sorting complete. Time (s): cpu = 00:00:00 ; elapsed = 00:00:00 . Memory (MB): peak = 2896.855 ; gain = 0.000 ; free physical = 544 ; free virtual = 13149

Phase 1.2 IO Placement/ Clock Placement/ Build Placer Device
INFO: [Timing 38-35] Done setting XDC timing constraints.
Phase 1.2 IO Placement/ Clock Placement/ Build Placer Device | Checksum: 1b377b88d

Time (s): cpu = 00:00:00.23 ; elapsed = 00:00:00.15 . Memory (MB): peak = 2896.855 ; gain = 0.000 ; free physical = 519 ; free virtual = 13124

Phase 1.3 Build Placer Netlist Model
Phase 1.3 Build Placer Netlist Model | Checksum: 1cca335c4

Time (s): cpu = 00:00:00.4 ; elapsed = 00:00:00.3 . Memory (MB): peak = 2896.855 ; gain = 0.000 ; free physical = 518 ; free virtual = 13123

Phase 1.4 Constrain Clocks/Macros
Phase 1.4 Constrain Clocks/Macros | Checksum: 1cca335c4

Time (s): cpu = 00:00:00.4 ; elapsed = 00:00:00.31 . Memory (MB): peak = 2896.855 ; gain = 0.000 ; free physical = 518 ; free virtual = 13123
Phase 1 Placer Initialization | Checksum: 1cca335c4

Time (s): cpu = 00:00:00.41 ; elapsed = 00:00:00.32 . Memory (MB): peak = 2896.855 ; gain = 0.000 ; free physical = 518 ; free virtual = 13123

Phase 2 Global Placement

Phase 2.1 Floorplanning
Phase 2.1 Floorplanning | Checksum: 1d748b2e7

Time (s): cpu = 00:00:00.6 ; elapsed = 00:00:00.37 . Memory (MB): peak = 2896.855 ; gain = 0.000 ; free physical = 517 ; free virtual = 13122

Phase 2.2 Update Timing before SLR Path Opt
Phase 2.2 Update Timing before SLR Path Opt | Checksum: 271419ca8

Time (s): cpu = 00:00:00.62 ; elapsed = 00:00:00.39 . Memory (MB): peak = 2896.855 ; gain = 0.000 ; free physical = 516 ; free virtual = 13121

Phase 2.3 Post-Processing in Floorplanning
Phase 2.3 Post-Processing in Floorplanning | Checksum: 271419ca8

Time (s): cpu = 00:00:00.62 ; elapsed = 00:00:00.39 . Memory (MB): peak = 2896.855 ; gain = 0.000 ; free physical = 516 ; free virtual = 13121

Phase 2.4 Global Placement Core

Phase 2.4.1 UpdateTiming Before Physical Synthesis
Phase 2.4.1 UpdateTiming Before Physical Synthesis | Checksum: 1f094c99f

Time (s): cpu = 00:00:05 ; elapsed = 00:00:02 . Memory (MB): peak = 2896.855 ; gain = 0.000 ; free physical = 522 ; free virtual = 13128

Phase 2.4.2 Physical Synthesis In Placer
INFO: [Physopt 32-1044] Break lutnm for timing: one critical 0, two critical 0, total 0, new lutff created 0
INFO: [Physopt 32-1138] End 1 Pass. Optimized 0 net or LUT. Breaked 0 LUT, combined 0 existing LUT and moved 0 existing LUT
INFO: [Physopt 32-65] No nets found for high-fanout optimization.
INFO: [Physopt 32-232] Optimized 0 net. Created 0 new instance.
INFO: [Physopt 32-775] End 1 Pass. Optimized 0 net or cell. Created 0 new cell, deleted 0 existing cell and moved 0 existing cell
INFO: [Physopt 32-670] No setup violation found.  DSP Register Optimization was not performed.
INFO: [Physopt 32-670] No setup violation found.  Shift Register to Pipeline Optimization was not performed.
INFO: [Physopt 32-670] No setup violation found.  Shift Register Optimization was not performed.
INFO: [Physopt 32-670] No setup violation found.  BRAM Register Optimization was not performed.
INFO: [Physopt 32-670] No setup violation found.  URAM Register Optimization was not performed.
INFO: [Physopt 32-949] No candidate nets found for dynamic/static region interface net replication
INFO: [Physopt 32-775] End 1 Pass. Optimized 0 net or cell. Created 0 new cell, deleted 0 existing cell and moved 0 existing cell
Netlist sorting complete. Time (s): cpu = 00:00:00 ; elapsed = 00:00:00 . Memory (MB): peak = 2896.855 ; gain = 0.000 ; free physical = 514 ; free virtual = 13122

Summary of Physical Synthesis Optimizations
============================================


-----------------------------------------------------------------------------------------------------------------------------------------------------------
|  Optimization                                     |  Added Cells  |  Removed Cells  |  Optimized Cells/Nets  |  Dont Touch  |  Iterations  |  Elapsed   |
-----------------------------------------------------------------------------------------------------------------------------------------------------------
|  LUT Combining                                    |            0  |              0  |                     0  |           0  |           1  |  00:00:00  |
|  Retime                                           |            0  |              0  |                     0  |           0  |           1  |  00:00:00  |
|  Very High Fanout                                 |            0  |              0  |                     0  |           0  |           1  |  00:00:00  |
|  DSP Register                                     |            0  |              0  |                     0  |           0  |           0  |  00:00:00  |
|  Shift Register to Pipeline                       |            0  |              0  |                     0  |           0  |           0  |  00:00:00  |
|  Shift Register                                   |            0  |              0  |                     0  |           0  |           0  |  00:00:00  |
|  BRAM Register                                    |            0  |              0  |                     0  |           0  |           0  |  00:00:00  |
|  URAM Register                                    |            0  |              0  |                     0  |           0  |           0  |  00:00:00  |
|  Dynamic/Static Region Interface Net Replication  |            0  |              0  |                     0  |           0  |           1  |  00:00:00  |
|  Total                                            |            0  |              0  |                     0  |           0  |           4  |  00:00:00  |
-----------------------------------------------------------------------------------------------------------------------------------------------------------


Phase 2.4.2 Physical Synthesis In Placer | Checksum: 1f094c99f

Time (s): cpu = 00:00:05 ; elapsed = 00:00:02 . Memory (MB): peak = 2896.855 ; gain = 0.000 ; free physical = 514 ; free virtual = 13122
Phase 2.4 Global Placement Core | Checksum: 28c602660

Time (s): cpu = 00:00:07 ; elapsed = 00:00:02 . Memory (MB): peak = 2896.855 ; gain = 0.000 ; free physical = 512 ; free virtual = 13120
Phase 2 Global Placement | Checksum: 28c602660

Time (s): cpu = 00:00:07 ; elapsed = 00:00:02 . Memory (MB): peak = 2896.855 ; gain = 0.000 ; free physical = 512 ; free virtual = 13120

Phase 3 Detail Placement

Phase 3.1 Commit Multi Column Macros
Phase 3.1 Commit Multi Column Macros | Checksum: 266c21b4d

Time (s): cpu = 00:00:07 ; elapsed = 00:00:02 . Memory (MB): peak = 2896.855 ; gain = 0.000 ; free physical = 511 ; free virtual = 13119

Phase 3.2 Commit Most Macros & LUTRAMs
Phase 3.2 Commit Most Macros & LUTRAMs | Checksum: 1cef26198

Time (s): cpu = 00:00:07 ; elapsed = 00:00:02 . Memory (MB): peak = 2896.855 ; gain = 0.000 ; free physical = 518 ; free virtual = 13126

Phase 3.3 Area Swap Optimization
Phase 3.3 Area Swap Optimization | Checksum: 193b4c18c

Time (s): cpu = 00:00:07 ; elapsed = 00:00:02 . Memory (MB): peak = 2896.855 ; gain = 0.000 ; free physical = 518 ; free virtual = 13126

Phase 3.4 Pipeline Register Optimization
Phase 3.4 Pipeline Register Optimization | Checksum: 193b4c18c

Time (s): cpu = 00:00:07 ; elapsed = 00:00:02 . Memory (MB): peak = 2896.855 ; gain = 0.000 ; free physical = 518 ; free virtual = 13126

Phase 3.5 Small Shape Detail Placement
Phase 3.5 Small Shape Detail Placement | Checksum: 215a03269

Time (s): cpu = 00:00:07 ; elapsed = 00:00:03 . Memory (MB): peak = 2896.855 ; gain = 0.000 ; free physical = 514 ; free virtual = 13122

Phase 3.6 Re-assign LUT pins
Phase 3.6 Re-assign LUT pins | Checksum: 1bad7710a

Time (s): cpu = 00:00:07 ; elapsed = 00:00:03 . Memory (MB): peak = 2896.855 ; gain = 0.000 ; free physical = 514 ; free virtual = 13122

Phase 3.7 Pipeline Register Optimization
Phase 3.7 Pipeline Register Optimization | Checksum: 1bad7710a

Time (s): cpu = 00:00:07 ; elapsed = 00:00:03 . Memory (MB): peak = 2896.855 ; gain = 0.000 ; free physical = 514 ; free virtual = 13122
Phase 3 Detail Placement | Checksum: 1bad7710a

Time (s): cpu = 00:00:07 ; elapsed = 00:00:03 . Memory (MB): peak = 2896.855 ; gain = 0.000 ; free physical = 514 ; free virtual = 13121

Phase 4 Post Placement Optimization and Clean-Up

Phase 4.1 Post Commit Optimization
INFO: [Timing 38-35] Done setting XDC timing constraints.

Phase 4.1.1 Post Placement Optimization
Post Placement Optimization Initialization | Checksum: 1953bfa47

Phase 4.1.1.1 BUFG Insertion

Starting Physical Synthesis Task

Phase 1 Physical Synthesis Initialization
INFO: [Physopt 32-721] Multithreading enabled for phys_opt_design using a maximum of 8 CPUs
INFO: [Physopt 32-619] Estimated Timing Summary | WNS=16.149 | TNS=0.000 |
Phase 1 Physical Synthesis Initialization | Checksum: d65c838e

Time (s): cpu = 00:00:00.03 ; elapsed = 00:00:00.02 . Memory (MB): peak = 2896.855 ; gain = 0.000 ; free physical = 510 ; free virtual = 13118
INFO: [Place 46-56] BUFG insertion identified 0 candidate nets. Inserted BUFG: 0, Replicated BUFG Driver: 0, Skipped due to Placement/Routing Conflicts: 0, Skipped due to Timing Degradation: 0, Skipped due to netlist editing failed: 0.
Ending Physical Synthesis Task | Checksum: 1d34c6684

Time (s): cpu = 00:00:00.03 ; elapsed = 00:00:00.02 . Memory (MB): peak = 2896.855 ; gain = 0.000 ; free physical = 510 ; free virtual = 13118
Phase 4.1.1.1 BUFG Insertion | Checksum: 1953bfa47

Time (s): cpu = 00:00:07 ; elapsed = 00:00:03 . Memory (MB): peak = 2896.855 ; gain = 0.000 ; free physical = 510 ; free virtual = 13118

Phase 4.1.1.2 Post Placement Timing Optimization
INFO: [Place 30-746] Post Placement Timing Summary WNS=16.149. For the most accurate timing information please run report_timing.
Phase 4.1.1.2 Post Placement Timing Optimization | Checksum: 2240e8e01

Time (s): cpu = 00:00:07 ; elapsed = 00:00:03 . Memory (MB): peak = 2896.855 ; gain = 0.000 ; free physical = 510 ; free virtual = 13118

Time (s): cpu = 00:00:07 ; elapsed = 00:00:03 . Memory (MB): peak = 2896.855 ; gain = 0.000 ; free physical = 510 ; free virtual = 13118
Phase 4.1 Post Commit Optimization | Checksum: 2240e8e01

Time (s): cpu = 00:00:07 ; elapsed = 00:00:03 . Memory (MB): peak = 2896.855 ; gain = 0.000 ; free physical = 510 ; free virtual = 13118

Phase 4.2 Post Placement Cleanup
Phase 4.2 Post Placement Cleanup | Checksum: 2240e8e01

Time (s): cpu = 00:00:07 ; elapsed = 00:00:03 . Memory (MB): peak = 2896.855 ; gain = 0.000 ; free physical = 509 ; free virtual = 13117

Phase 4.3 Placer Reporting

Phase 4.3.1 Print Estimated Congestion
INFO: [Place 30-612] Post-Placement Estimated Congestion 
 ____________________________________________________
|           | Global Congestion | Short Congestion  |
| Direction | Region Size       | Region Size       |
|___________|___________________|___________________|
|      North|                1x1|                1x1|
|___________|___________________|___________________|
|      South|                1x1|                1x1|
|___________|___________________|___________________|
|       East|                1x1|                1x1|
|___________|___________________|___________________|
|       West|                1x1|                1x1|
|___________|___________________|___________________|

Phase 4.3.1 Print Estimated Congestion | Checksum: 2240e8e01

Time (s): cpu = 00:00:07 ; elapsed = 00:00:03 . Memory (MB): peak = 2896.855 ; gain = 0.000 ; free physical = 509 ; free virtual = 13117
Phase 4.3 Placer Reporting | Checksum: 2240e8e01

Time (s): cpu = 00:00:07 ; elapsed = 00:00:03 . Memory (MB): peak = 2896.855 ; gain = 0.000 ; free physical = 509 ; free virtual = 13117

Phase 4.4 Final Placement Cleanup
Netlist sorting complete. Time (s): cpu = 00:00:00 ; elapsed = 00:00:00 . Memory (MB): peak = 2896.855 ; gain = 0.000 ; free physical = 509 ; free virtual = 13117

Time (s): cpu = 00:00:07 ; elapsed = 00:00:03 . Memory (MB): peak = 2896.855 ; gain = 0.000 ; free physical = 509 ; free virtual = 13116
Phase 4 Post Placement Optimization and Clean-Up | Checksum: 2b091e239

Time (s): cpu = 00:00:07 ; elapsed = 00:00:03 . Memory (MB): peak = 2896.855 ; gain = 0.000 ; free physical = 509 ; free virtual = 13115
Ending Placer Task | Checksum: 1f0363167

Time (s): cpu = 00:00:07 ; elapsed = 00:00:03 . Memory (MB): peak = 2896.855 ; gain = 0.000 ; free physical = 509 ; free virtual = 13115
65 Infos, 0 Warnings, 0 Critical Warnings and 0 Errors encountered.
place_design completed successfully
place_design: Time (s): cpu = 00:00:11 ; elapsed = 00:00:05 . Memory (MB): peak = 2896.855 ; gain = 0.000 ; free physical = 511 ; free virtual = 13117
INFO: [Vivado 12-24838] Running report commands "report_control_sets, report_io, report_utilization" in parallel.
Running report generation with 3 threads.
INFO: [Vivado 12-24828] Executing command : report_control_sets -verbose -file vga_test_control_sets_placed.rpt
report_control_sets: Time (s): cpu = 00:00:00.21 ; elapsed = 00:00:00.28 . Memory (MB): peak = 2896.855 ; gain = 0.000 ; free physical = 507 ; free virtual = 13113
INFO: [Vivado 12-24828] Executing command : report_utilization -file vga_test_utilization_placed.rpt -pb vga_test_utilization_placed.pb
INFO: [Vivado 12-24828] Executing command : report_io -file vga_test_io_placed.rpt
report_io: Time (s): cpu = 00:00:00.47 ; elapsed = 00:00:00.5 . Memory (MB): peak = 2896.855 ; gain = 0.000 ; free physical = 511 ; free virtual = 13117
INFO: [Timing 38-480] Writing timing data to binary archive.
Write ShapeDB Complete: Time (s): cpu = 00:00:00.01 ; elapsed = 00:00:00.01 . Memory (MB): peak = 2896.855 ; gain = 0.000 ; free physical = 511 ; free virtual = 13117
Wrote PlaceDB: Time (s): cpu = 00:00:00.09 ; elapsed = 00:00:00.03 . Memory (MB): peak = 2896.855 ; gain = 0.000 ; free physical = 510 ; free virtual = 13116
Wrote PulsedLatchDB: Time (s): cpu = 00:00:00 ; elapsed = 00:00:00 . Memory (MB): peak = 2896.855 ; gain = 0.000 ; free physical = 510 ; free virtual = 13116
Writing XDEF routing.
Writing XDEF routing logical nets.
Writing XDEF routing special nets.
Wrote RouteStorage: Time (s): cpu = 00:00:00.05 ; elapsed = 00:00:00.03 . Memory (MB): peak = 2896.855 ; gain = 0.000 ; free physical = 510 ; free virtual = 13116
Wrote Netlist Cache: Time (s): cpu = 00:00:00 ; elapsed = 00:00:00 . Memory (MB): peak = 2896.855 ; gain = 0.000 ; free physical = 510 ; free virtual = 13116
Wrote Device Cache: Time (s): cpu = 00:00:00.01 ; elapsed = 00:00:00.01 . Memory (MB): peak = 2896.855 ; gain = 0.000 ; free physical = 510 ; free virtual = 13116
Write Physdb Complete: Time (s): cpu = 00:00:00.17 ; elapsed = 00:00:00.07 . Memory (MB): peak = 2896.855 ; gain = 0.000 ; free physical = 510 ; free virtual = 13116
INFO: [Common 17-1381] The checkpoint '/home/pedroferreira/Documents/3_ano_1_Semestre_EEC/Eletronica_Programavel/Project/Chess-EP/Chess-EP.runs/impl_1/vga_test_placed.dcp' has been generated.
Command: phys_opt_design
Attempting to get a license for feature 'Implementation' and/or device 'xc7a35t'
INFO: [Common 17-349] Got license for feature 'Implementation' and/or device 'xc7a35t'

Starting Initial Update Timing Task

Time (s): cpu = 00:00:00.07 ; elapsed = 00:00:00.08 . Memory (MB): peak = 2896.855 ; gain = 0.000 ; free physical = 482 ; free virtual = 13088
INFO: [Vivado_Tcl 4-2279] Estimated Timing Summary | WNS= 16.149 | TNS= 0.000 | 
INFO: [Vivado_Tcl 4-383] Design worst setup slack (WNS) is greater than or equal to 0.000 ns. All physical synthesis setup optimizations will be skipped.
INFO: [Vivado_Tcl 4-232] No setup violation found. The netlist was not modified.
INFO: [Common 17-83] Releasing license: Implementation
76 Infos, 0 Warnings, 0 Critical Warnings and 0 Errors encountered.
phys_opt_design completed successfully
INFO: [Timing 38-480] Writing timing data to binary archive.
Write ShapeDB Complete: Time (s): cpu = 00:00:00.01 ; elapsed = 00:00:00 . Memory (MB): peak = 2896.855 ; gain = 0.000 ; free physical = 482 ; free virtual = 13088
Wrote PlaceDB: Time (s): cpu = 00:00:00.06 ; elapsed = 00:00:00.03 . Memory (MB): peak = 2896.855 ; gain = 0.000 ; free physical = 482 ; free virtual = 13088
Wrote PulsedLatchDB: Time (s): cpu = 00:00:00 ; elapsed = 00:00:00 . Memory (MB): peak = 2896.855 ; gain = 0.000 ; free physical = 482 ; free virtual = 13088
Writing XDEF routing.
Writing XDEF routing logical nets.
Writing XDEF routing special nets.
Wrote RouteStorage: Time (s): cpu = 00:00:00.06 ; elapsed = 00:00:00.03 . Memory (MB): peak = 2896.855 ; gain = 0.000 ; free physical = 483 ; free virtual = 13086
Wrote Netlist Cache: Time (s): cpu = 00:00:00 ; elapsed = 00:00:00 . Memory (MB): peak = 2896.855 ; gain = 0.000 ; free physical = 483 ; free virtual = 13086
Wrote Device Cache: Time (s): cpu = 00:00:00.02 ; elapsed = 00:00:00.01 . Memory (MB): peak = 2896.855 ; gain = 0.000 ; free physical = 483 ; free virtual = 13086
Write Physdb Complete: Time (s): cpu = 00:00:00.15 ; elapsed = 00:00:00.08 . Memory (MB): peak = 2896.855 ; gain = 0.000 ; free physical = 483 ; free virtual = 13086
INFO: [Common 17-1381] The checkpoint '/home/pedroferreira/Documents/3_ano_1_Semestre_EEC/Eletronica_Programavel/Project/Chess-EP/Chess-EP.runs/impl_1/vga_test_physopt.dcp' has been generated.
Command: route_design
Attempting to get a license for feature 'Implementation' and/or device 'xc7a35t'
INFO: [Common 17-349] Got license for feature 'Implementation' and/or device 'xc7a35t'
Running DRC as a precondition to command route_design
INFO: [DRC 23-27] Running DRC with 8 threads
INFO: [Vivado_Tcl 4-198] DRC finished with 0 Errors
INFO: [Vivado_Tcl 4-199] Please refer to the DRC report (report_drc) for more information.


Starting Routing Task
INFO: [Route 35-254] Multithreading enabled for route_design using a maximum of 8 CPUs

Phase 1 Build RT Design
Checksum: PlaceDB: 8df7a3b7 ConstDB: 0 ShapeSum: c1bd3159 RouteDB: a0815c57
Post Restoration Checksum: NetGraph: 6906cff5 | NumContArr: 729e0c78 | Constraints: c2a8fa9d | Timing: c2a8fa9d
Phase 1 Build RT Design | Checksum: 260f6d1a7

Time (s): cpu = 00:00:23 ; elapsed = 00:00:19 . Memory (MB): peak = 2942.250 ; gain = 34.945 ; free physical = 540 ; free virtual = 12901

Phase 2 Router Initialization

Phase 2.1 Fix Topology Constraints
Phase 2.1 Fix Topology Constraints | Checksum: 260f6d1a7

Time (s): cpu = 00:00:23 ; elapsed = 00:00:19 . Memory (MB): peak = 2942.250 ; gain = 34.945 ; free physical = 540 ; free virtual = 12901

Phase 2.2 Pre Route Cleanup
Phase 2.2 Pre Route Cleanup | Checksum: 260f6d1a7

Time (s): cpu = 00:00:23 ; elapsed = 00:00:19 . Memory (MB): peak = 2942.250 ; gain = 34.945 ; free physical = 539 ; free virtual = 12900
 Number of Nodes with overlaps = 0

Phase 2.3 Update Timing
Phase 2.3 Update Timing | Checksum: 2a16212ed

Time (s): cpu = 00:00:23 ; elapsed = 00:00:20 . Memory (MB): peak = 2967.250 ; gain = 59.945 ; free physical = 530 ; free virtual = 12891
INFO: [Route 35-416] Intermediate Timing Summary | WNS=16.121 | TNS=0.000  | WHS=-0.068 | THS=-0.565 |


Router Utilization Summary
  Global Vertical Routing Utilization    = 0 %
  Global Horizontal Routing Utilization  = 0 %
  Routable Net Status*
  *Does not include unroutable nets such as driverless and loadless.
  Run report_route_status for detailed report.
  Number of Failed Nets               = 148
    (Failed Nets is the sum of unrouted and partially routed nets)
  Number of Unrouted Nets             = 148
  Number of Partially Routed Nets     = 0
  Number of Node Overlaps             = 0

Phase 2 Router Initialization | Checksum: 1dceca074

Time (s): cpu = 00:00:24 ; elapsed = 00:00:20 . Memory (MB): peak = 2967.250 ; gain = 59.945 ; free physical = 528 ; free virtual = 12889

Phase 3 Global Routing
Phase 3 Global Routing | Checksum: 1dceca074

Time (s): cpu = 00:00:24 ; elapsed = 00:00:20 . Memory (MB): peak = 2967.250 ; gain = 59.945 ; free physical = 528 ; free virtual = 12889

Phase 4 Initial Routing

Phase 4.1 Initial Net Routing Pass
Phase 4.1 Initial Net Routing Pass | Checksum: 263b3b230

Time (s): cpu = 00:00:24 ; elapsed = 00:00:20 . Memory (MB): peak = 2967.250 ; gain = 59.945 ; free physical = 527 ; free virtual = 12888
Phase 4 Initial Routing | Checksum: 263b3b230

Time (s): cpu = 00:00:24 ; elapsed = 00:00:20 . Memory (MB): peak = 2967.250 ; gain = 59.945 ; free physical = 526 ; free virtual = 12887

Phase 5 Rip-up And Reroute

Phase 5.1 Global Iteration 0
 Number of Nodes with overlaps = 9
 Number of Nodes with overlaps = 0
INFO: [Route 35-416] Intermediate Timing Summary | WNS=16.010 | TNS=0.000  | WHS=N/A    | THS=N/A    |

Phase 5.1 Global Iteration 0 | Checksum: 247a2b89c

Time (s): cpu = 00:00:24 ; elapsed = 00:00:20 . Memory (MB): peak = 2967.250 ; gain = 59.945 ; free physical = 520 ; free virtual = 12881
Phase 5 Rip-up And Reroute | Checksum: 247a2b89c

Time (s): cpu = 00:00:24 ; elapsed = 00:00:20 . Memory (MB): peak = 2967.250 ; gain = 59.945 ; free physical = 520 ; free virtual = 12881

Phase 6 Delay and Skew Optimization

Phase 6.1 Delay CleanUp
Phase 6.1 Delay CleanUp | Checksum: 247a2b89c

Time (s): cpu = 00:00:25 ; elapsed = 00:00:20 . Memory (MB): peak = 2967.250 ; gain = 59.945 ; free physical = 520 ; free virtual = 12881

Phase 6.2 Clock Skew Optimization
Phase 6.2 Clock Skew Optimization | Checksum: 247a2b89c

Time (s): cpu = 00:00:25 ; elapsed = 00:00:20 . Memory (MB): peak = 2967.250 ; gain = 59.945 ; free physical = 520 ; free virtual = 12881
Phase 6 Delay and Skew Optimization | Checksum: 247a2b89c

Time (s): cpu = 00:00:25 ; elapsed = 00:00:20 . Memory (MB): peak = 2967.250 ; gain = 59.945 ; free physical = 520 ; free virtual = 12881

Phase 7 Post Hold Fix

Phase 7.1 Hold Fix Iter
INFO: [Route 35-416] Intermediate Timing Summary | WNS=16.103 | TNS=0.000  | WHS=0.221  | THS=0.000  |

Phase 7.1 Hold Fix Iter | Checksum: 202cc40f5

Time (s): cpu = 00:00:25 ; elapsed = 00:00:20 . Memory (MB): peak = 2967.250 ; gain = 59.945 ; free physical = 518 ; free virtual = 12879
Phase 7 Post Hold Fix | Checksum: 202cc40f5

Time (s): cpu = 00:00:25 ; elapsed = 00:00:20 . Memory (MB): peak = 2967.250 ; gain = 59.945 ; free physical = 518 ; free virtual = 12879

Phase 8 Route finalize

Router Utilization Summary
  Global Vertical Routing Utilization    = 0.0365144 %
  Global Horizontal Routing Utilization  = 0.0404737 %
  Routable Net Status*
  *Does not include unroutable nets such as driverless and loadless.
  Run report_route_status for detailed report.
  Number of Failed Nets               = 0
    (Failed Nets is the sum of unrouted and partially routed nets)
  Number of Unrouted Nets             = 0
  Number of Partially Routed Nets     = 0
  Number of Node Overlaps             = 0

Phase 8 Route finalize | Checksum: 202cc40f5

Time (s): cpu = 00:00:25 ; elapsed = 00:00:20 . Memory (MB): peak = 2967.250 ; gain = 59.945 ; free physical = 518 ; free virtual = 12879

Phase 9 Verifying routed nets

 Verification completed successfully
Phase 9 Verifying routed nets | Checksum: 202cc40f5

Time (s): cpu = 00:00:25 ; elapsed = 00:00:20 . Memory (MB): peak = 2967.250 ; gain = 59.945 ; free physical = 518 ; free virtual = 12879

Phase 10 Depositing Routes
Phase 10 Depositing Routes | Checksum: 1c7b5e99d

Time (s): cpu = 00:00:25 ; elapsed = 00:00:20 . Memory (MB): peak = 2967.250 ; gain = 59.945 ; free physical = 517 ; free virtual = 12878

Phase 11 Post Process Routing
Phase 11 Post Process Routing | Checksum: 1c7b5e99d

Time (s): cpu = 00:00:25 ; elapsed = 00:00:20 . Memory (MB): peak = 2967.250 ; gain = 59.945 ; free physical = 517 ; free virtual = 12878

Phase 12 Post Router Timing
INFO: [Route 35-57] Estimated Timing Summary | WNS=16.103 | TNS=0.000  | WHS=0.221  | THS=0.000  |

INFO: [Route 35-327] The final timing numbers are based on the router estimated timing analysis. For a complete and accurate timing signoff, please run report_timing_summary.
Phase 12 Post Router Timing | Checksum: 1c7b5e99d

Time (s): cpu = 00:00:25 ; elapsed = 00:00:20 . Memory (MB): peak = 2967.250 ; gain = 59.945 ; free physical = 517 ; free virtual = 12878
Total Elapsed time in route_design: 20.17 secs

Phase 13 Post-Route Event Processing
Phase 13 Post-Route Event Processing | Checksum: 224f00469

Time (s): cpu = 00:00:25 ; elapsed = 00:00:20 . Memory (MB): peak = 2967.250 ; gain = 59.945 ; free physical = 517 ; free virtual = 12878
INFO: [Route 35-16] Router Completed Successfully
Ending Routing Task | Checksum: 224f00469

Time (s): cpu = 00:00:25 ; elapsed = 00:00:20 . Memory (MB): peak = 2967.250 ; gain = 59.945 ; free physical = 517 ; free virtual = 12878

Routing Is Done.
INFO: [Common 17-83] Releasing license: Implementation
90 Infos, 0 Warnings, 0 Critical Warnings and 0 Errors encountered.
route_design completed successfully
route_design: Time (s): cpu = 00:00:27 ; elapsed = 00:00:21 . Memory (MB): peak = 2967.250 ; gain = 70.395 ; free physical = 517 ; free virtual = 12878
INFO: [Vivado 12-24828] Executing command : report_drc -file vga_test_drc_routed.rpt -pb vga_test_drc_routed.pb -rpx vga_test_drc_routed.rpx
Command: report_drc -file vga_test_drc_routed.rpt -pb vga_test_drc_routed.pb -rpx vga_test_drc_routed.rpx
INFO: [IP_Flow 19-1839] IP Catalog is up to date.
INFO: [DRC 23-27] Running DRC with 8 threads
INFO: [Vivado_Tcl 2-168] The results of DRC are in file /home/pedroferreira/Documents/3_ano_1_Semestre_EEC/Eletronica_Programavel/Project/Chess-EP/Chess-EP.runs/impl_1/vga_test_drc_routed.rpt.
report_drc completed successfully
INFO: [Vivado 12-24828] Executing command : report_methodology -file vga_test_methodology_drc_routed.rpt -pb vga_test_methodology_drc_routed.pb -rpx vga_test_methodology_drc_routed.rpx
Command: report_methodology -file vga_test_methodology_drc_routed.rpt -pb vga_test_methodology_drc_routed.pb -rpx vga_test_methodology_drc_routed.rpx
INFO: [Timing 38-35] Done setting XDC timing constraints.
INFO: [DRC 23-133] Running Methodology with 8 threads
INFO: [Vivado_Tcl 2-1520] The results of Report Methodology are in file /home/pedroferreira/Documents/3_ano_1_Semestre_EEC/Eletronica_Programavel/Project/Chess-EP/Chess-EP.runs/impl_1/vga_test_methodology_drc_routed.rpt.
report_methodology completed successfully
INFO: [Vivado 12-24828] Executing command : report_timing_summary -max_paths 10 -report_unconstrained -file vga_test_timing_summary_routed.rpt -pb vga_test_timing_summary_routed.pb -rpx vga_test_timing_summary_routed.rpx -warn_on_violation 
INFO: [Timing 38-35] Done setting XDC timing constraints.
INFO: [Timing 38-91] UpdateTimingParams: Speed grade: -1, Delay Type: min_max.
INFO: [Timing 38-191] Multithreading enabled for timing update using a maximum of 8 CPUs
INFO: [Vivado 12-24838] Running report commands "report_bus_skew, report_incremental_reuse, report_route_status" in parallel.
Running report generation with 3 threads.
INFO: [Vivado 12-24828] Executing command : report_route_status -file vga_test_route_status.rpt -pb vga_test_route_status.pb
INFO: [Vivado 12-24828] Executing command : report_incremental_reuse -file vga_test_incremental_reuse_routed.rpt
INFO: [Vivado_Tcl 4-1062] Incremental flow is disabled. No incremental reuse Info to report.
INFO: [Vivado 12-24828] Executing command : report_bus_skew -warn_on_violation -file vga_test_bus_skew_routed.rpt -pb vga_test_bus_skew_routed.pb -rpx vga_test_bus_skew_routed.rpx
INFO: [Timing 38-91] UpdateTimingParams: Speed grade: -1, Delay Type: min_max.
INFO: [Timing 38-191] Multithreading enabled for timing update using a maximum of 8 CPUs
INFO: [Vivado 12-24828] Executing command : report_power -file vga_test_power_routed.rpt -pb vga_test_power_summary_routed.pb -rpx vga_test_power_routed.rpx
Command: report_power -file vga_test_power_routed.rpt -pb vga_test_power_summary_routed.pb -rpx vga_test_power_routed.rpx
Running Vector-less Activity Propagation...

Finished Running Vector-less Activity Propagation
110 Infos, 0 Warnings, 0 Critical Warnings and 0 Errors encountered.
report_power completed successfully
INFO: [Vivado 12-24828] Executing command : report_clock_utilization -file vga_test_clock_utilization_routed.rpt
WARNING: [Device 21-9320] Failed to find the Oracle tile group with name 'HSR_BOUNDARY_TOP'. This is required for Clock regions and Virtual grid.
WARNING: [Device 21-2174] Failed to initialize Virtual grid.
INFO: [Timing 38-480] Writing timing data to binary archive.
Write ShapeDB Complete: Time (s): cpu = 00:00:00.01 ; elapsed = 00:00:00 . Memory (MB): peak = 3079.074 ; gain = 0.000 ; free physical = 578 ; free virtual = 12817
Wrote PlaceDB: Time (s): cpu = 00:00:00.09 ; elapsed = 00:00:00.03 . Memory (MB): peak = 3079.074 ; gain = 0.000 ; free physical = 578 ; free virtual = 12815
Wrote PulsedLatchDB: Time (s): cpu = 00:00:00 ; elapsed = 00:00:00 . Memory (MB): peak = 3079.074 ; gain = 0.000 ; free physical = 578 ; free virtual = 12815
Writing XDEF routing.
Writing XDEF routing logical nets.
Writing XDEF routing special nets.
Wrote RouteStorage: Time (s): cpu = 00:00:00.05 ; elapsed = 00:00:00.03 . Memory (MB): peak = 3079.074 ; gain = 0.000 ; free physical = 578 ; free virtual = 12815
Wrote Netlist Cache: Time (s): cpu = 00:00:00 ; elapsed = 00:00:00 . Memory (MB): peak = 3079.074 ; gain = 0.000 ; free physical = 578 ; free virtual = 12815
Wrote Device Cache: Time (s): cpu = 00:00:00.01 ; elapsed = 00:00:00 . Memory (MB): peak = 3079.074 ; gain = 0.000 ; free physical = 577 ; free virtual = 12816
Write Physdb Complete: Time (s): cpu = 00:00:00.16 ; elapsed = 00:00:00.07 . Memory (MB): peak = 3079.074 ; gain = 0.000 ; free physical = 577 ; free virtual = 12816
INFO: [Common 17-1381] The checkpoint '/home/pedroferreira/Documents/3_ano_1_Semestre_EEC/Eletronica_Programavel/Project/Chess-EP/Chess-EP.runs/impl_1/vga_test_routed.dcp' has been generated.
Command: write_bitstream -force vga_test.bit
Attempting to get a license for feature 'Implementation' and/or device 'xc7a35t'
INFO: [Common 17-349] Got license for feature 'Implementation' and/or device 'xc7a35t'
Running DRC as a precondition to command write_bitstream
INFO: [IP_Flow 19-1839] IP Catalog is up to date.
INFO: [DRC 23-27] Running DRC with 8 threads
INFO: [Vivado 12-3199] DRC finished with 0 Errors
INFO: [Vivado 12-3200] Please refer to the DRC report (report_drc) for more information.
INFO: [Designutils 20-2272] Running write_bitstream with 8 threads.
Loading data files...
Loading site data...
Loading route data...
Processing options...
Creating bitmap...
Creating bitstream...
Bitstream compression saved 15539296 bits.
Writing bitstream ./vga_test.bit...
INFO: [Vivado 12-1842] Bitgen Completed Successfully.
INFO: [Project 1-1876] WebTalk data collection is mandatory when using a ULT device. To see the specific WebTalk data collected for your design, open the usage_statistics_webtalk.html or usage_statistics_webtalk.xml file in the implementation directory.
INFO: [Common 17-83] Releasing license: Implementation
122 Infos, 2 Warnings, 0 Critical Warnings and 0 Errors encountered.
write_bitstream completed successfully
write_bitstream: Time (s): cpu = 00:00:15 ; elapsed = 00:00:22 . Memory (MB): peak = 3293.117 ; gain = 214.043 ; free physical = 590 ; free virtual = 12582
INFO: [Common 17-206] Exiting Vivado at Thu Dec  5 11:28:54 2024...
